+-----+---+--------+-----+------+
|    6|   |        |     |      |
| Tue,| 90|     EDT| GREG|      |
|Date:|Nov|20:31:00|From:|GORING|
+-----+---+--------+----++------+
|                     Oh|    are|
|               Subject:|   OWLS|
|<CS110255@YUSOL.bitnet>|NO.Them|
+-----------------------+-+-----+
|                  Sender:|
|Coming!!!!!!!!!!!!!!!!!!!|
+------------------------++-----+
|                    GREG|      |
|               Reply-to:|      |
|PHYDESBONNET@vax1.ucg.ie|GORING|
+-----------------------++------+
|            Message-id:|
|<CS110255@YUSOL.bitnet>|
+-----------------------+---------+
|                   X-Envelope-to:|
|<0A5B1602B1FFE0216F@ccvax.ucd.ie>|
+--------------------------+---+--+--+
|                          |   |[`-']|
|                          |   |[`-']|
|                          |   |[`-']|
|                          |   |[`-']|
|                         v|   |<*,*>|
|                         v|   |<`,'>|
|                         v|   |<*,*>|
|                       ___|___|<*,*>|
|PHYDESBONNET@cs8700.ucg.ie|___|<*,*>|
+-------+---+----+----+----+--++-----+-----+
|       |   |    |    |       |      |  owl|
|       |   |    |    |       |      |  owl|
|       |   |    |    |       |      |drunk|
|       |   |    |    |       |      |-"-"-|
|       |   |    |    |       |      |-"-"-|
|       |   |    |    |       |      |-"---|
|       |   |    |    |       |      |-"-"-|
|       |   |    |    |       |      |-"-"-|
|       |   |    |    |       |      |[`-']|
|       |   |    |    |       |      |[`-']|
|       |   |    |    |       |      |[`-']|
|      "|   |    |    |       |   ___|[`-']|
|      "|   |    |    |       |   ___|[`-']|
|  -"-"-|   |    |    |       |   ___|<$,$>|
|  -"-"-|   |    |    |       |   ___|<-,->|
|  -"-"-|   | owl|    |    owl|   ___|<*,*>|
|  -"-"-|   | owl|    |chinese|   owl|<@,@>|
|=^`-'^=|owl|punk|with|antlers|flying|<+,+>|
+------++---+-+--+---++-----+-+-+----++----++
|      |      |      |      |   |     |  owl|
|      |      |      |      |   |     |  owl|
|      |      |      |      |   |     |  T-V|
|      |      |      |      |   |     |-"-"-|
|      |      |      |      |   |     |-"-"-|
|      |      |      |      |   |     |-"-"-|
|      |      |      |      |   |     |-"-"-|
|      |      |      |      |   |     |[`-']|
|      |      |      |      |   |     |[`-']|
|      |      |      |      |   |     |[`-']|
|      |      |      |      |   |     |[`-']|
|      |      |      |      |   |     |<*,*>|
|      |      |      |     _|   |     |<*,*>|
|   one|   owl|   owl|   owl|___|  /_\|<o-o>|
|junkie|legged|shrewd|greedy|___|_|||_|<#,#>|
+----+-+-----++---+--+----+-+--++----++----++
|    |       |    |       | ___|     |     |
|    |       |    |       | ___|     |   /o|
|    |    owl|    |    owl| fez|    _|<*,*>|
|with|glasses|with|top-hat|with|_____|<*,*>|
+---++----+--+--+-+-----+-+--+-+---+-+-----++
|   |    ||     |       |    |     |        |
|  *|    _|     |       |    |     |        |
|  *|    [|-"-"-|    owl|    |     |        |
|  ||[`o']|-"-"-|    `-'|    |     |     owl|
|\_/|[`-//|"owl"|`-----'|with|sling|medalion|
+---+---+-+--+--+--+----+----+--+--+--+-----+
|       |    |-"-"-|            |     |
|       |    |-"-"-|            |     |
|     in| ___|[`S']|            |     |
|    owl| ___|[`-']|            |     |
|    owl| owl|<*,*>|         owl|  owl|
|surreal|cave|<*,->|confidential|super|
+-------+----+-----+------------+-----+
