+-----------+
| Tile:   1 |
| Width:  5 |
| Height: 1 |
+-----+-----+
|Every|
+-----+
+-----------+
| Tile:   2 |
| Width:  6 |
| Height: 3 |
+------+----+
|     I|
|  time|
|single|
+------+
+-----------+
| Tile:   3 |
| Width:  4 |
| Height: 1 |
+----+------+
|read|
+----+
+------------+
| Tile:    4 |
| Width:  11 |
| Height:  3 |
+-----------++
|       this|
|    Pearls,|
|Programming|
+-----------+
+-----------+
| Tile:   5 |
| Width:  7 |
| Height: 4 |
+-------+---+
|     up|
|     me|
| brings|
|passage|
+-------+
+-----------+
| Tile:   6 |
| Width:  6 |
| Height: 5 |
+------+----+
|   the|
|solves|
|search|
|Binary|
|short:|
+------+
+-----------+
| Tile:   7 |
| Width:  7 |
| Height: 2 |
+-------+---+
|    [of|
|problem|
+-------+
+-----------+
| Tile:   8 |
| Width:  9 |
| Height: 3 |
+---------+-+
|        a|
|   within|
|searching|
+---------+
+------------+
| Tile:    9 |
| Width:  10 |
| Height:  3 |
+----------+-+
|        by|
|    array]|
|pre-sorted|
+----------+
+------------+
| Tile:   10 |
| Width:   7 |
| Height:  4 |
+-------+----+
|      a|
|     of|
|  track|
|keeping|
+-------+
+------------+
| Tile:   11 |
| Width:   5 |
| Height:  1 |
+-----+------+
|range|
+-----+
+------------+
| Tile:   12 |
| Width:   6 |
| Height:  2 |
+------+-----+
|   the|
|within|
+------+
+------------+
| Tile:   13 |
| Width:   5 |
| Height:  2 |
+-----+------+
|   in|
|array|
+-----+
+------------+
| Tile:   14 |
| Width:   5 |
| Height:  2 |
+-----+------+
|    T|
|which|
+-----+
+------------+
| Tile:   15 |
| Width:   5 |
| Height:  2 |
+-----+------+
|  the|
|[i.e.|
+-----+
+------------+
| Tile:   16 |
| Width:   6 |
| Height:  7 |
+------+-----+
|    is|
|    it|
|    if|
|    be|
|  must|
|value]|
|sought|
+------+
+------------+
| Tile:   17 |
| Width:   8 |
| Height:  2 |
+--------+---+
|      in|
|anywhere|
+--------+
+------------+
| Tile:   18 |
| Width:   3 |
| Height:  1 |
+---+--------+
|the|
+---+
+------------+
| Tile:   19 |
| Width:   6 |
| Height:  1 |
+------+-----+
|array.|
+------+
+------------+
| Tile:   20 |
| Width:  10 |
| Height:  2 |
+----------+-+
|       the|
|Initially,|
+----------+
+------------+
| Tile:   21 |
| Width:   5 |
| Height:  2 |
+-----+------+
|   is|
|range|
+-----+
+------------+
| Tile:   22 |
| Width:   3 |
| Height:  1 |
+---+--------+
|the|
+---+
+------------+
| Tile:   23 |
| Width:   6 |
| Height:  3 |
+------+-----+
|   The|
|array.|
|entire|
+------+
+------------+
| Tile:   24 |
| Width:   5 |
| Height:  2 |
+-----+------+
|   is|
|range|
+-----+
+------------+
| Tile:   25 |
| Width:   6 |
| Height:  2 |
+------+-----+
|    by|
|shrunk|
+------+
+------------+
| Tile:   26 |
| Width:   9 |
| Height:  2 |
+---------+--+
|      its|
|comparing|
+---------+
+------------+
| Tile:   27 |
| Width:   6 |
| Height:  1 |
+------+-----+
|middle|
+------+
+------------+
| Tile:   28 |
| Width:   7 |
| Height:  3 |
+-------+----+
|      T|
|     to|
|element|
+-------+
+------------+
| Tile:   29 |
| Width:   3 |
| Height:  1 |
+---+--------+
|and|
+---+
+------------+
| Tile:   30 |
| Width:  10 |
| Height:  3 |
+----------+-+
|       the|
|      half|
|discarding|
+----------+
+------------+
| Tile:   31 |
| Width:   6 |
| Height:  2 |
+------+-----+
|   The|
|range.|
+------+
+------------+
| Tile:   32 |
| Width:   7 |
| Height:  1 |
+-------+----+
|process|
+-------+
+------------+
| Tile:   33 |
| Width:   9 |
| Height:  3 |
+---------+--+
|        T|
|    until|
|continues|
+---------+
+------------+
| Tile:   34 |
| Width:   2 |
| Height:  1 |
+--+---------+
|is|
+--+
+------------+
| Tile:   35 |
| Width:  10 |
| Height:  2 |
+----------+-+
|        in|
|discovered|
+----------+
+------------+
| Tile:   36 |
| Width:   3 |
| Height:  1 |
+---+--------+
|the|
+---+
+------------+
| Tile:   37 |
| Width:   6 |
| Height:  2 |
+------+-----+
|    or|
|array,|
+------+
+------------+
| Tile:   38 |
| Width:   5 |
| Height:  2 |
+-----+------+
|  the|
|until|
+-----+
+------------+
| Tile:   39 |
| Width:   5 |
| Height:  2 |
+-----+------+
|   in|
|range|
+-----+
+------------+
| Tile:   40 |
| Width:   5 |
| Height:  2 |
+-----+------+
|   it|
|which|
+-----+
+------------+
| Tile:   41 |
| Width:   4 |
| Height:  3 |
+----+-------+
|  is|
| lie|
|must|
+----+
+------------+
| Tile:   42 |
| Width:   5 |
| Height:  3 |
+-----+------+
|   be|
|   to|
|known|
+-----+
+------------+
| Tile:   43 |
| Width:   6 |
| Height:  3 |
+------+-----+
|    an|
|    In|
|empty.|
+------+
+------------+
| Tile:   44 |
| Width:   9 |
| Height:  3 |
+---------+--+
|      the|
|   table,|
|N-element|
+---------+
+------------+
| Tile:   45 |
| Width:   6 |
| Height:  2 |
+------+-----+
|  uses|
|search|
+------+
+------------+
| Tile:   46 |
| Width:   7 |
| Height:  2 |
+-------+----+
|log2(N)|
|roughly|
+-------+
+------------+
| Tile:   47 |
| Width:  12 |
| Height:  2 |
+------------+
|        Most|
|comparisons.|
+------------+
+------------+
| Tile:   48 |
| Width:  11 |
| Height:  5 |
+-----------++
|        the|
|       with|
|       that|
|      think|
|programmers|
+-----------+
+------------+
| Tile:   49 |
| Width:   5 |
| Height:  1 |
+-----+------+
|above|
+-----+
+------------+
| Tile:   50 |
| Width:  11 |
| Height:  2 |
+-----------++
|         in|
|description|
+-----------+
+------------+
| Tile:   51 |
| Width:   5 |
| Height:  1 |
+-----+------+
|hand,|
+-----+
+------------+
| Tile:   52 |
| Width:   7 |
| Height:  2 |
+-------+----+
|    the|
|writing|
+-------+
+------------+
| Tile:   53 |
| Width:   4 |
| Height:  2 |
+----+-------+
|  is|
|code|
+----+
+------------+
| Tile:   54 |
| Width:   5 |
| Height:  1 |
+-----+------+
|easy;|
+-----+
+------------+
| Tile:   55 |
| Width:   6 |
| Height:  3 |
+------+-----+
|   The|
|wrong.|
|theyre|
+------+
+------------+
| Tile:   56 |
| Width:   4 |
| Height:  2 |
+----+-------+
| way|
|only|
+----+
+------------+
| Tile:   57 |
| Width:   5 |
| Height:  1 |
+-----+------+
|youll|
+-----+
+------------+
| Tile:   58 |
| Width:   7 |
| Height:  4 |
+-------+----+
|     by|
|     is|
|   this|
|believe|
+-------+
+------------+
| Tile:   59 |
| Width:   7 |
| Height:  3 |
+-------+----+
|   this|
|   down|
|putting|
+-------+
+------------+
| Tile:   60 |
| Width:   6 |
| Height:  4 |
+------+-----+
|   and|
|   now|
| right|
|column|
+------+
+------------+
| Tile:   61 |
| Width:   7 |
| Height:  2 |
+-------+----+
|    the|
|writing|
+-------+
+------------+
| Tile:   62 |
| Width:   4 |
| Height:  1 |
+----+-------+
|code|
+----+
+------------+
| Tile:   63 |
| Width:   9 |
| Height:  4 |
+---------+--+
|      Ive|
|      it.|
|      Try|
|yourself.|
+---------+
+------------+
| Tile:   64 |
| Width:   8 |
| Height:  2 |
+--------+---+
|    this|
|assigned|
+--------+
+------------+
| Tile:   65 |
| Width:   7 |
| Height:  2 |
+-------+----+
|     in|
|problem|
+-------+
+------------+
| Tile:   66 |
| Width:   7 |
| Height:  2 |
+-------+----+
|     at|
|courses|
+-------+
+------------+
| Tile:   67 |
| Width:   4 |
| Height:  3 |
+----+-------+
| and|
|Labs|
|Bell|
+----+
+------------+
| Tile:   68 |
| Width:   4 |
| Height:  1 |
+----+-------+
|IBM.|
+----+
+------------+
| Tile:   69 |
| Width:  12 |
| Height:  4 |
+------------+
|           a|
|         had|
| programmers|
|Professional|
+------------+
+------------+
| Tile:   70 |
| Width:   6 |
| Height:  2 |
+------+-----+
|    of|
|couple|
+------+
+------------+
| Tile:   71 |
| Width:   5 |
| Height:  2 |
+-----+------+
|   to|
|hours|
+-----+
+------------+
| Tile:   72 |
| Width:   7 |
| Height:  2 |
+-------+----+
|    the|
|convert|
+-------+
+------------+
| Tile:   73 |
| Width:   5 |
| Height:  1 |
+-----+------+
|above|
+-----+
+------------+
| Tile:   74 |
| Width:  11 |
| Height:  3 |
+-----------++
|          a|
|       into|
|description|
+-----------+
+------------+
| Tile:   75 |
| Width:   7 |
| Height:  2 |
+-------+----+
|     in|
|program|
+-------+
+------------+
| Tile:   76 |
| Width:   3 |
| Height:  1 |
+---+--------+
|the|
+---+
+------------+
| Tile:   77 |
| Width:   8 |
| Height:  2 |
+--------+---+
|      of|
|language|
+--------+
+------------+
| Tile:   78 |
| Width:   5 |
| Height:  1 |
+-----+------+
|their|
+-----+
+------------+
| Tile:   79 |
| Width:   7 |
| Height:  2 |
+-------+----+
|      a|
|choice;|
+-------+
+------------+
| Tile:   80 |
| Width:  10 |
| Height:  3 |
+----------+-+
|       was|
|pseudocode|
|high-level|
+----------+
+------------+
| Tile:   81 |
| Width:   5 |
| Height:  2 |
+-----+------+
|   At|
|fine.|
+-----+
+------------+
| Tile:   82 |
| Width:   3 |
| Height:  3 |
+---+--------+
| of|
|end|
|the|
+---+
+------------+
| Tile:   83 |
| Width:   3 |
| Height:  1 |
+---+--------+
|the|
+---+
+------------+
| Tile:   84 |
| Width:   9 |
| Height:  2 |
+---------+--+
|    time,|
|specified|
+---------+
+------------+
| Tile:   85 |
| Width:   6 |
| Height:  3 |
+------+-----+
|   the|
|   all|
|almost|
+------+
+------------+
| Tile:   86 |
| Width:  11 |
| Height:  5 |
+-----------++
|        had|
|       they|
|       that|
|   reported|
|programmers|
+-----------+
+------------+
| Tile:   87 |
| Width:   7 |
| Height:  4 |
+-------+----+
|    the|
|    for|
|   code|
|correct|
+-------+
+------------+
| Tile:   88 |
| Width:   5 |
| Height:  2 |
+-----+------+
|   We|
|task.|
+-----+
+------------+
| Tile:   89 |
| Width:   5 |
| Height:  3 |
+-----+------+
| take|
| then|
|would|
+-----+
+------------+
| Tile:   90 |
| Width:   6 |
| Height:  1 |
+------+-----+
|thirty|
+------+
+------------+
| Tile:   91 |
| Width:   7 |
| Height:  2 |
+-------+----+
|     to|
|minutes|
+-------+
+------------+
| Tile:   92 |
| Width:   7 |
| Height:  5 |
+-------+----+
|    the|
|  which|
|  code,|
|  their|
|examine|
+-------+
+------------+
| Tile:   93 |
| Width:  11 |
| Height:  2 |
+-----------++
|        did|
|programmers|
+-----------+
+------------+
| Tile:   94 |
| Width:   4 |
| Height:  2 |
+----+-------+
|test|
|with|
+----+
+------------+
| Tile:   95 |
| Width:   6 |
| Height:  2 |
+------+-----+
|    In|
|cases.|
+------+
+------------+
| Tile:   96 |
| Width:   7 |
| Height:  3 |
+-------+----+
|    and|
|classes|
|several|
+-------+
+------------+
| Tile:   97 |
| Width:   4 |
| Height:  3 |
+----+-------+
|   a|
|over|
|with|
+----+
+------------+
| Tile:   98 |
| Width:   7 |
| Height:  1 |
+-------+----+
|hundred|
+-------+
+------------+
| Tile:   99 |
| Width:  12 |
| Height:  2 |
+------------+
|         the|
|programmers,|
+------------+
+-------------+
| Tile:   100 |
| Width:    7 |
| Height:   2 |
+-------+-----+
| varied|
|results|
+-------+
+-------------+
| Tile:   101 |
| Width:    7 |
| Height:   2 |
+-------+-----+
| ninety|
|little:|
+-------+
+-------------+
| Tile:   102 |
| Width:    7 |
| Height:   2 |
+-------+-----+
|     of|
|percent|
+-------+
+-------------+
| Tile:   103 |
| Width:    3 |
| Height:   1 |
+---+---------+
|the|
+---+
+-------------+
| Tile:   104 |
| Width:   11 |
| Height:   4 |
+-----------+-+
|         in|
|       bugs|
|      found|
|programmers|
+-----------+
+-------------+
| Tile:   105 |
| Width:    5 |
| Height:   1 |
+-----+-------+
|their|
+-----+
+-------------+
| Tile:   106 |
| Width:    8 |
| Height:   3 |
+--------+----+
|       I|
|    (and|
|programs|
+--------+
+-------------+
| Tile:   107 |
| Width:    5 |
| Height:   1 |
+-----+-------+
|wasnt|
+-----+
+-------------+
| Tile:   108 |
| Width:    6 |
| Height:   1 |
+------+------+
|always|
+------+
+-------------+
| Tile:   109 |
| Width:    9 |
| Height:   2 |
+---------+---+
|       of|
|convinced|
+---------+
+-------------+
| Tile:   110 |
| Width:    3 |
| Height:   1 |
+---+---------+
|the|
+---+
+-------------+
| Tile:   111 |
| Width:   11 |
| Height:   2 |
+-----------+-+
|         of|
|correctness|
+-----------+
+-------------+
| Tile:   112 |
| Width:    3 |
| Height:   1 |
+---+---------+
|the|
+---+
+-------------+
| Tile:   113 |
| Width:    4 |
| Height:   2 |
+----+--------+
|  in|
|code|
+----+
+-------------+
| Tile:   114 |
| Width:    5 |
| Height:   2 |
+-----+-------+
|   no|
|which|
+-----+
+-------------+
| Tile:   115 |
| Width:    4 |
| Height:   2 |
+----+--------+
|were|
|bugs|
+----+
+-------------+
| Tile:   116 |
| Width:    7 |
| Height:   2 |
+-------+-----+
|      I|
|found).|
+-------+
+-------------+
| Tile:   117 |
| Width:    3 |
| Height:   1 |
+---+---------+
|was|
+---+
+-------------+
| Tile:   118 |
| Width:    7 |
| Height:   5 |
+-------+-----+
|   only|
|  time,|
|  ample|
|  given|
|amazed:|
+-------+
+-------------+
| Tile:   119 |
| Width:    5 |
| Height:   2 |
+-----+-------+
|  ten|
|about|
+-----+
+-------------+
| Tile:   120 |
| Width:    7 |
| Height:   2 |
+-------+-----+
|     of|
|percent|
+-------+
+-------------+
| Tile:   121 |
| Width:   12 |
| Height:   5 |
+------------++
|          to|
|        able|
|        were|
| programmers|
|professional|
+------------+
+-------------+
| Tile:   122 |
| Width:    3 |
| Height:   1 |
+---+---------+
|get|
+---+
+-------------+
| Tile:   123 |
| Width:    4 |
| Height:   1 |
+----+--------+
|this|
+----+
+-------------+
| Tile:   124 |
| Width:    5 |
| Height:   1 |
+-----+-------+
|small|
+-----+
+-------------+
| Tile:   125 |
| Width:    7 |
| Height:   3 |
+-------+-----+
|    But|
| right.|
|program|
+-------+
+-------------+
| Tile:   126 |
| Width:    4 |
| Height:   1 |
+----+--------+
|they|
+----+
+-------------+
| Tile:   127 |
| Width:    5 |
| Height:   2 |
+-----+-------+
|  the|
|arent|
+-----+
+-------------+
| Tile:   128 |
| Width:    4 |
| Height:   3 |
+----+--------+
|  to|
|ones|
|only|
+----+
+-------------+
| Tile:   129 |
| Width:    4 |
| Height:   3 |
+----+--------+
|task|
|this|
|find|
+----+
+-------------+
| Tile:   130 |
| Width:   10 |
| Height:   2 |
+----------+--+
|        in|
|difficult:|
+----------+
+-------------+
| Tile:   131 |
| Width:    3 |
| Height:   1 |
+---+---------+
|the|
+---+
+-------------+
| Tile:   132 |
| Width:    7 |
| Height:   2 |
+-------+-----+
|     in|
|history|
+-------+
+-------------+
| Tile:   133 |
| Width:    7 |
| Height:   3 |
+-------+-----+
|     of|
|  6.2.1|
|Section|
+-------+
+-------------+
| Tile:   134 |
| Width:    3 |
| Height:   1 |
+---+---------+
|his|
+---+
+-------------+
| Tile:   135 |
| Width:    7 |
| Height:   2 |
+-------+-----+
|    and|
|Sorting|
+-------+
+-------------+
| Tile:   136 |
| Width:   10 |
| Height:   2 |
+----------+--+
|     Knuth|
|Searching,|
+----------+
+-------------+
| Tile:   137 |
| Width:    6 |
| Height:   2 |
+------+------+
|   out|
|points|
+------+
+-------------+
| Tile:   138 |
| Width:    4 |
| Height:   1 |
+----+--------+
|that|
+----+
+-------------+
| Tile:   139 |
| Width:    5 |
| Height:   2 |
+-----+-------+
|  the|
|while|
+-----+
+-------------+
| Tile:   140 |
| Width:    5 |
| Height:   1 |
+-----+-------+
|first|
+-----+
+-------------+
| Tile:   141 |
| Width:    6 |
| Height:   3 |
+------+------+
|   was|
|search|
|binary|
+------+
+-------------+
| Tile:   142 |
| Width:    9 |
| Height:   2 |
+---------+---+
|       in|
|published|
+---------+
+-------------+
| Tile:   143 |
| Width:    5 |
| Height:   2 |
+-----+-------+
|  the|
|1946,|
+-----+
+-------------+
| Tile:   144 |
| Width:    5 |
| Height:   1 |
+-----+-------+
|first|
+-----+
+-------------+
| Tile:   145 |
| Width:    9 |
| Height:   3 |
+---------+---+
|   search|
|   binary|
|published|
+---------+
+-------------+
| Tile:   146 |
| Width:    7 |
| Height:   4 |
+-------+-----+
|    not|
|    did|
|   bugs|
|without|
+-------+
+-------------+
| Tile:   147 |
| Width:    6 |
| Height:   4 |
+------+------+
|   Jon|
| 1962.|
| until|
|appear|
+------+
+-------------+
| Tile:   148 |
| Width:    8 |
| Height:   1 |
+--------+----+
|Bentley,|
+--------+
+-------------+
| Tile:   149 |
| Width:   11 |
| Height:   3 |
+-----------+-+
|       (1st|
|     Pearls|
|Programming|
+-----------+
+-------------+
| Tile:   150 |
| Width:    9 |
| Height:   2 |
+---------+---+
|      pp.|
|edition),|
+---------+
+-------------+
| Tile:   151 |
| Width:    6 |
| Height:   1 |
+------+------+
|35-36.|
+------+
