+-----------+
| Tile:   1 |
| Width:  5 |
| Height: 3 |
+-----+-----+
|    6|
| Tue,|
|Date:|
+-----+
+-----------+
| Tile:   2 |
| Width:  3 |
| Height: 2 |
+---+-------+
| 90|
|Nov|
+---+
+-----------+
| Tile:   3 |
| Width:  8 |
| Height: 2 |
+--------+--+
|     EDT|
|20:31:00|
+--------+
+-----------+
| Tile:   4 |
| Width:  5 |
| Height: 2 |
+-----+-----+
| GREG|
|From:|
+-----+
+-----------+
| Tile:   5 |
| Width:  6 |
| Height: 1 |
+------+----+
|GORING|
+------+
+------------+
| Tile:    6 |
| Width:  23 |
| Height:  3 |
+------------+----------+
|                     Oh|
|               Subject:|
|<CS110255@YUSOL.bitnet>|
+-----------------------+
+-----------+
| Tile:   7 |
| Width:  7 |
| Height: 3 |
+-------+---+
|    are|
|   OWLS|
|NO.Them|
+-------+
+------------+
| Tile:    8 |
| Width:  25 |
| Height:  2 |
+------------+------------+
|                  Sender:|
|Coming!!!!!!!!!!!!!!!!!!!|
+-------------------------+
+------------+
| Tile:    9 |
| Width:  24 |
| Height:  3 |
+------------+-----------+
|                    GREG|
|               Reply-to:|
|PHYDESBONNET@vax1.ucg.ie|
+------------------------+
+------------+
| Tile:   10 |
| Width:   6 |
| Height:  1 |
+------+-----+
|GORING|
+------+
+------------+
| Tile:   11 |
| Width:  23 |
| Height:  2 |
+------------+----------+
|            Message-id:|
|<CS110255@YUSOL.bitnet>|
+-----------------------+
+------------+
| Tile:   12 |
| Width:  33 |
| Height:  2 |
+------------+--------------------+
|                   X-Envelope-to:|
|<0A5B1602B1FFE0216F@ccvax.ucd.ie>|
+---------------------------------+
+------------+
| Tile:   13 |
| Width:  26 |
| Height:  5 |
+------------+-------------+
|                         v|
|                         v|
|                         v|
|                       ___|
|PHYDESBONNET@cs8700.ucg.ie|
+--------------------------+
+------------+
| Tile:   14 |
| Width:   3 |
| Height:  2 |
+---+--------+
|___|
|___|
+---+
+------------+
| Tile:   15 |
| Width:   5 |
| Height:  9 |
+-----+------+
|[`-']|
|[`-']|
|[`-']|
|[`-']|
|<*,*>|
|<`,'>|
|<*,*>|
|<*,*>|
|<*,*>|
+-----+
+------------+
| Tile:   16 |
| Width:   7 |
| Height:  7 |
+-------+----+
|      "|
|      "|
|  -"-"-|
|  -"-"-|
|  -"-"-|
|  -"-"-|
|=^`-'^=|
+-------+
+------------+
| Tile:   17 |
| Width:   3 |
| Height:  1 |
+---+--------+
|owl|
+---+
+------------+
| Tile:   18 |
| Width:   4 |
| Height:  3 |
+----+-------+
| owl|
| owl|
|punk|
+----+
+------------+
| Tile:   19 |
| Width:   4 |
| Height:  1 |
+----+-------+
|with|
+----+
+------------+
| Tile:   20 |
| Width:   7 |
| Height:  3 |
+-------+----+
|    owl|
|chinese|
|antlers|
+-------+
+------------+
| Tile:   21 |
| Width:   6 |
| Height:  7 |
+------+-----+
|   ___|
|   ___|
|   ___|
|   ___|
|   ___|
|   owl|
|flying|
+------+
+------------+
| Tile:   22 |
| Width:   5 |
| Height: 18 |
+-----+------+
|  owl|
|  owl|
|drunk|
|-"-"-|
|-"-"-|
|-"---|
|-"-"-|
|-"-"-|
|[`-']|
|[`-']|
|[`-']|
|[`-']|
|[`-']|
|<$,$>|
|<-,->|
|<*,*>|
|<@,@>|
|<+,+>|
+-----+
+------------+
| Tile:   23 |
| Width:   6 |
| Height:  2 |
+------+-----+
|   one|
|junkie|
+------+
+------------+
| Tile:   24 |
| Width:   6 |
| Height:  2 |
+------+-----+
|   owl|
|legged|
+------+
+------------+
| Tile:   25 |
| Width:   6 |
| Height:  2 |
+------+-----+
|   owl|
|shrewd|
+------+
+------------+
| Tile:   26 |
| Width:   6 |
| Height:  3 |
+------+-----+
|     _|
|   owl|
|greedy|
+------+
+------------+
| Tile:   27 |
| Width:   3 |
| Height:  2 |
+---+--------+
|___|
|___|
+---+
+------------+
| Tile:   28 |
| Width:   5 |
| Height:  2 |
+-----+------+
|  /_\|
|_|||_|
+-----+
+------------+
| Tile:   29 |
| Width:   5 |
| Height: 15 |
+-----+------+
|  owl|
|  owl|
|  T-V|
|-"-"-|
|-"-"-|
|-"-"-|
|-"-"-|
|[`-']|
|[`-']|
|[`-']|
|[`-']|
|<*,*>|
|<*,*>|
|<o-o>|
|<#,#>|
+-----+
+------------+
| Tile:   30 |
| Width:   4 |
| Height:  1 |
+----+-------+
|with|
+----+
+------------+
| Tile:   31 |
| Width:   7 |
| Height:  2 |
+-------+----+
|    owl|
|glasses|
+-------+
+------------+
| Tile:   32 |
| Width:   4 |
| Height:  1 |
+----+-------+
|with|
+----+
+------------+
| Tile:   33 |
| Width:   7 |
| Height:  2 |
+-------+----+
|    owl|
|top-hat|
+-------+
+------------+
| Tile:   34 |
| Width:   4 |
| Height:  4 |
+----+-------+
| ___|
| ___|
| fez|
|with|
+----+
+------------+
| Tile:   35 |
| Width:   5 |
| Height:  2 |
+-----+------+
|    _|
|_____|
+-----+
+------------+
| Tile:   36 |
| Width:   5 |
| Height:  3 |
+-----+------+
|   /o|
|<*,*>|
|<*,*>|
+-----+
+------------+
| Tile:   37 |
| Width:   3 |
| Height:  4 |
+---+--------+
|  *|
|  *|
|  ||
|\_/|
+---+
+------------+
| Tile:   38 |
| Width:   5 |
| Height:  5 |
+-----+------+
|    ||
|    _|
|    [|
|[`o']|
|[`-//|
+-----+
+------------+
| Tile:   39 |
| Width:   5 |
| Height:  3 |
+-----+------+
|-"-"-|
|-"-"-|
|"owl"|
+-----+
+------------+
| Tile:   40 |
| Width:   7 |
| Height:  3 |
+-------+----+
|    owl|
|    `-'|
|`-----'|
+-------+
+------------+
| Tile:   41 |
| Width:   4 |
| Height:  1 |
+----+-------+
|with|
+----+
+------------+
| Tile:   42 |
| Width:   5 |
| Height:  1 |
+-----+------+
|sling|
+-----+
+------------+
| Tile:   43 |
| Width:   8 |
| Height:  2 |
+--------+---+
|     owl|
|medalion|
+--------+
+------------+
| Tile:   44 |
| Width:   7 |
| Height:  4 |
+-------+----+
|     in|
|    owl|
|    owl|
|surreal|
+-------+
+------------+
| Tile:   45 |
| Width:   4 |
| Height:  4 |
+----+-------+
| ___|
| ___|
| owl|
|cave|
+----+
+------------+
| Tile:   46 |
| Width:   5 |
| Height:  6 |
+-----+------+
|-"-"-|
|-"-"-|
|[`S']|
|[`-']|
|<*,*>|
|<*,->|
+-----+
+------------+
| Tile:   47 |
| Width:  12 |
| Height:  2 |
+------------+
|         owl|
|confidential|
+------------+
+------------+
| Tile:   48 |
| Width:   5 |
| Height:  2 |
+-----+------+
|  owl|
|super|
+-----+
