+-----------+
| Tile:   1 |
| Width:  2 |
| Height: 1 |
+--+--------+
|ab|
+--+
+-----------+
| Tile:   2 |
| Width:  5 |
| Height: 4 |
+-----+-----+
|   mn|
|   kl|
|  hij|
|cdefg|
+-----+
+-----------+
| Tile:   3 |
| Width:  3 |
| Height: 1 |
+---+-------+
|opq|
+---+
+-----------+
| Tile:   4 |
| Width:  5 |
| Height: 2 |
+-----+-----+
|   wx|
|rstuv|
+-----+
+-----------+
| Tile:   5 |
| Width:  4 |
| Height: 2 |
+----+------+
|  23|
|yz01|
+----+
+-----------+
| Tile:   6 |
| Width:  4 |
| Height: 2 |
+----+------+
|  89|
|4567|
+----+
