+-----------+
| Tile:   1 |
| Width:  2 |
| Height: 1 |
+--+--------+
|98|
+--+
+-----------+
| Tile:   2 |
| Width:  4 |
| Height: 2 |
+----+------+
|  32|
|7654|
+----+
+-----------+
| Tile:   3 |
| Width:  4 |
| Height: 2 |
+----+------+
|  xw|
|01zy|
+----+
+-----------+
| Tile:   4 |
| Width:  5 |
| Height: 4 |
+-----+-----+
|   lk|
|   nm|
|  pqo|
|vutsr|
+-----+
+-----------+
| Tile:   5 |
| Width:  3 |
| Height: 1 |
+---+-------+
|jih|
+---+
+-----------+
| Tile:   6 |
| Width:  5 |
| Height: 2 |
+-----+-----+
|   ba|
|gfedc|
+-----+
