+-----------+
| Tile:   1 |
| Width:  2 |
| Height: 1 |
+--+--------+
|On|
+--+
+-----------+
| Tile:   2 |
| Width:  8 |
| Height: 2 |
+--------+--+
|      3,|
|February|
+--------+
+-----------+
| Tile:   3 |
| Width:  5 |
| Height: 2 |
+-----+-----+
|  the|
|1707,|
+-----+
+-----------+
| Tile:   4 |
| Width:  8 |
| Height: 4 |
+--------+--+
|       I|
|  Joseph|
| Emperor|
|Austrian|
+--------+
+-----------+
| Tile:   5 |
| Width:  4 |
| Height: 2 |
+----+------+
|   a|
|sent|
+----+
+-----------+
| Tile:   6 |
| Width:  7 |
| Height: 3 |
+-------+---+
|     to|
| letter|
|written|
+-------+
+-----------+
| Tile:   7 |
| Width:  3 |
| Height: 1 |
+---+-------+
|the|
+---+
+-----------+
| Tile:   8 |
| Width:  5 |
| Height: 1 |
+-----+-----+
|Czech|
+-----+
+-----------+
| Tile:   9 |
| Width:  7 |
| Height: 1 |
+-------+---+
|General|
+-------+
+------------+
| Tile:   10 |
| Width:   8 |
| Height:  1 |
+--------+---+
|Estates,|
+--------+
+------------+
| Tile:   11 |
| Width:  10 |
| Height:  2 |
+----------+-+
|       the|
|requesting|
+----------+
+------------+
| Tile:   12 |
| Width:  10 |
| Height:  3 |
+----------+-+
|        an|
|        of|
|foundation|
+----------+
+------------+
| Tile:   13 |
| Width:  11 |
| Height:  2 |
+-----------++
|    school.|
|engineering|
+-----------+
